Determining if the pthread_create exist failed with the following output:
Change Dir: /home/ikebe/turtlebot3_ws/build_isolated/goal_send/CMakeFiles/CMakeTmp

Run Build Command:"/usr/bin/make" "cmTC_8950b/fast"
/usr/bin/make -f CMakeFiles/cmTC_8950b.dir/build.make CMakeFiles/cmTC_8950b.dir/build
make[1]: ディレクトリ '/home/ikebe/turtlebot3_ws/build_isolated/goal_send/CMakeFiles/CMakeTmp' に入ります
Building C object CMakeFiles/cmTC_8950b.dir/CheckSymbolExists.c.o
/usr/bin/cc    -o CMakeFiles/cmTC_8950b.dir/CheckSymbolExists.c.o   -c /home/ikebe/turtlebot3_ws/build_isolated/goal_send/CMakeFiles/CMakeTmp/CheckSymbolExists.c
Linking C executable cmTC_8950b
/usr/bin/cmake -E cmake_link_script CMakeFiles/cmTC_8950b.dir/link.txt --verbose=1
/usr/bin/cc      -rdynamic CMakeFiles/cmTC_8950b.dir/CheckSymbolExists.c.o  -o cmTC_8950b 
CMakeFiles/cmTC_8950b.dir/CheckSymbolExists.c.o: 関数 `main' 内:
CheckSymbolExists.c:(.text+0x1b): `pthread_create' に対する定義されていない参照です
collect2: error: ld returned 1 exit status
CMakeFiles/cmTC_8950b.dir/build.make:97: recipe for target 'cmTC_8950b' failed
make[1]: *** [cmTC_8950b] Error 1
make[1]: ディレクトリ '/home/ikebe/turtlebot3_ws/build_isolated/goal_send/CMakeFiles/CMakeTmp' から出ます
Makefile:126: recipe for target 'cmTC_8950b/fast' failed
make: *** [cmTC_8950b/fast] Error 2

File /home/ikebe/turtlebot3_ws/build_isolated/goal_send/CMakeFiles/CMakeTmp/CheckSymbolExists.c:
/* */
#include <pthread.h>

int main(int argc, char** argv)
{
  (void)argv;
#ifndef pthread_create
  return ((int*)(&pthread_create))[argc];
#else
  (void)argc;
  return 0;
#endif
}

Determining if the function pthread_create exists in the pthreads failed with the following output:
Change Dir: /home/ikebe/turtlebot3_ws/build_isolated/goal_send/CMakeFiles/CMakeTmp

Run Build Command:"/usr/bin/make" "cmTC_af24b/fast"
/usr/bin/make -f CMakeFiles/cmTC_af24b.dir/build.make CMakeFiles/cmTC_af24b.dir/build
make[1]: ディレクトリ '/home/ikebe/turtlebot3_ws/build_isolated/goal_send/CMakeFiles/CMakeTmp' に入ります
Building C object CMakeFiles/cmTC_af24b.dir/CheckFunctionExists.c.o
/usr/bin/cc   -DCHECK_FUNCTION_EXISTS=pthread_create   -o CMakeFiles/cmTC_af24b.dir/CheckFunctionExists.c.o   -c /usr/share/cmake-3.10/Modules/CheckFunctionExists.c
Linking C executable cmTC_af24b
/usr/bin/cmake -E cmake_link_script CMakeFiles/cmTC_af24b.dir/link.txt --verbose=1
/usr/bin/cc  -DCHECK_FUNCTION_EXISTS=pthread_create    -rdynamic CMakeFiles/cmTC_af24b.dir/CheckFunctionExists.c.o  -o cmTC_af24b -lpthreads 
/usr/bin/ld: -lpthreads が見つかりません
collect2: error: ld returned 1 exit status
CMakeFiles/cmTC_af24b.dir/build.make:97: recipe for target 'cmTC_af24b' failed
make[1]: *** [cmTC_af24b] Error 1
make[1]: ディレクトリ '/home/ikebe/turtlebot3_ws/build_isolated/goal_send/CMakeFiles/CMakeTmp' から出ます
Makefile:126: recipe for target 'cmTC_af24b/fast' failed
make: *** [cmTC_af24b/fast] Error 2


