Determining if the pthread_create exist failed with the following output:
Change Dir: /home/ikebe/turtlebot3_ws/build_isolated/turtlebot3_navigation/CMakeFiles/CMakeTmp

Run Build Command:"/usr/bin/make" "cmTC_46bcf/fast"
/usr/bin/make -f CMakeFiles/cmTC_46bcf.dir/build.make CMakeFiles/cmTC_46bcf.dir/build
make[1]: ディレクトリ '/home/ikebe/turtlebot3_ws/build_isolated/turtlebot3_navigation/CMakeFiles/CMakeTmp' に入ります
Building C object CMakeFiles/cmTC_46bcf.dir/CheckSymbolExists.c.o
/usr/bin/cc    -o CMakeFiles/cmTC_46bcf.dir/CheckSymbolExists.c.o   -c /home/ikebe/turtlebot3_ws/build_isolated/turtlebot3_navigation/CMakeFiles/CMakeTmp/CheckSymbolExists.c
Linking C executable cmTC_46bcf
/usr/bin/cmake -E cmake_link_script CMakeFiles/cmTC_46bcf.dir/link.txt --verbose=1
/usr/bin/cc      -rdynamic CMakeFiles/cmTC_46bcf.dir/CheckSymbolExists.c.o  -o cmTC_46bcf 
CMakeFiles/cmTC_46bcf.dir/CheckSymbolExists.c.o: 関数 `main' 内:
CheckSymbolExists.c:(.text+0x1b): `pthread_create' に対する定義されていない参照です
collect2: error: ld returned 1 exit status
CMakeFiles/cmTC_46bcf.dir/build.make:97: recipe for target 'cmTC_46bcf' failed
make[1]: *** [cmTC_46bcf] Error 1
make[1]: ディレクトリ '/home/ikebe/turtlebot3_ws/build_isolated/turtlebot3_navigation/CMakeFiles/CMakeTmp' から出ます
Makefile:126: recipe for target 'cmTC_46bcf/fast' failed
make: *** [cmTC_46bcf/fast] Error 2

File /home/ikebe/turtlebot3_ws/build_isolated/turtlebot3_navigation/CMakeFiles/CMakeTmp/CheckSymbolExists.c:
/* */
#include <pthread.h>

int main(int argc, char** argv)
{
  (void)argv;
#ifndef pthread_create
  return ((int*)(&pthread_create))[argc];
#else
  (void)argc;
  return 0;
#endif
}

Determining if the function pthread_create exists in the pthreads failed with the following output:
Change Dir: /home/ikebe/turtlebot3_ws/build_isolated/turtlebot3_navigation/CMakeFiles/CMakeTmp

Run Build Command:"/usr/bin/make" "cmTC_e1752/fast"
/usr/bin/make -f CMakeFiles/cmTC_e1752.dir/build.make CMakeFiles/cmTC_e1752.dir/build
make[1]: ディレクトリ '/home/ikebe/turtlebot3_ws/build_isolated/turtlebot3_navigation/CMakeFiles/CMakeTmp' に入ります
Building C object CMakeFiles/cmTC_e1752.dir/CheckFunctionExists.c.o
/usr/bin/cc   -DCHECK_FUNCTION_EXISTS=pthread_create   -o CMakeFiles/cmTC_e1752.dir/CheckFunctionExists.c.o   -c /usr/share/cmake-3.10/Modules/CheckFunctionExists.c
Linking C executable cmTC_e1752
/usr/bin/cmake -E cmake_link_script CMakeFiles/cmTC_e1752.dir/link.txt --verbose=1
/usr/bin/cc  -DCHECK_FUNCTION_EXISTS=pthread_create    -rdynamic CMakeFiles/cmTC_e1752.dir/CheckFunctionExists.c.o  -o cmTC_e1752 -lpthreads 
/usr/bin/ld: -lpthreads が見つかりません
collect2: error: ld returned 1 exit status
CMakeFiles/cmTC_e1752.dir/build.make:97: recipe for target 'cmTC_e1752' failed
make[1]: *** [cmTC_e1752] Error 1
make[1]: ディレクトリ '/home/ikebe/turtlebot3_ws/build_isolated/turtlebot3_navigation/CMakeFiles/CMakeTmp' から出ます
Makefile:126: recipe for target 'cmTC_e1752/fast' failed
make: *** [cmTC_e1752/fast] Error 2


