Determining if the pthread_create exist failed with the following output:
Change Dir: /home/ikebe/turtlebot3_ws/build/CMakeFiles/CMakeTmp

Run Build Command:"/usr/bin/make" "cmTC_88217/fast"
/usr/bin/make -f CMakeFiles/cmTC_88217.dir/build.make CMakeFiles/cmTC_88217.dir/build
make[1]: ディレクトリ '/home/ikebe/turtlebot3_ws/build/CMakeFiles/CMakeTmp' に入ります
Building C object CMakeFiles/cmTC_88217.dir/CheckSymbolExists.c.o
/usr/bin/cc    -o CMakeFiles/cmTC_88217.dir/CheckSymbolExists.c.o   -c /home/ikebe/turtlebot3_ws/build/CMakeFiles/CMakeTmp/CheckSymbolExists.c
Linking C executable cmTC_88217
/usr/bin/cmake -E cmake_link_script CMakeFiles/cmTC_88217.dir/link.txt --verbose=1
/usr/bin/cc      -rdynamic CMakeFiles/cmTC_88217.dir/CheckSymbolExists.c.o  -o cmTC_88217 
CMakeFiles/cmTC_88217.dir/CheckSymbolExists.c.o: 関数 `main' 内:
CheckSymbolExists.c:(.text+0x1b): `pthread_create' に対する定義されていない参照です
collect2: error: ld returned 1 exit status
CMakeFiles/cmTC_88217.dir/build.make:97: recipe for target 'cmTC_88217' failed
make[1]: *** [cmTC_88217] Error 1
make[1]: ディレクトリ '/home/ikebe/turtlebot3_ws/build/CMakeFiles/CMakeTmp' から出ます
Makefile:126: recipe for target 'cmTC_88217/fast' failed
make: *** [cmTC_88217/fast] Error 2

File /home/ikebe/turtlebot3_ws/build/CMakeFiles/CMakeTmp/CheckSymbolExists.c:
/* */
#include <pthread.h>

int main(int argc, char** argv)
{
  (void)argv;
#ifndef pthread_create
  return ((int*)(&pthread_create))[argc];
#else
  (void)argc;
  return 0;
#endif
}

Determining if the function pthread_create exists in the pthreads failed with the following output:
Change Dir: /home/ikebe/turtlebot3_ws/build/CMakeFiles/CMakeTmp

Run Build Command:"/usr/bin/make" "cmTC_24483/fast"
/usr/bin/make -f CMakeFiles/cmTC_24483.dir/build.make CMakeFiles/cmTC_24483.dir/build
make[1]: ディレクトリ '/home/ikebe/turtlebot3_ws/build/CMakeFiles/CMakeTmp' に入ります
Building C object CMakeFiles/cmTC_24483.dir/CheckFunctionExists.c.o
/usr/bin/cc   -DCHECK_FUNCTION_EXISTS=pthread_create   -o CMakeFiles/cmTC_24483.dir/CheckFunctionExists.c.o   -c /usr/share/cmake-3.10/Modules/CheckFunctionExists.c
Linking C executable cmTC_24483
/usr/bin/cmake -E cmake_link_script CMakeFiles/cmTC_24483.dir/link.txt --verbose=1
/usr/bin/cc  -DCHECK_FUNCTION_EXISTS=pthread_create    -rdynamic CMakeFiles/cmTC_24483.dir/CheckFunctionExists.c.o  -o cmTC_24483 -lpthreads 
/usr/bin/ld: -lpthreads が見つかりません
collect2: error: ld returned 1 exit status
CMakeFiles/cmTC_24483.dir/build.make:97: recipe for target 'cmTC_24483' failed
make[1]: *** [cmTC_24483] Error 1
make[1]: ディレクトリ '/home/ikebe/turtlebot3_ws/build/CMakeFiles/CMakeTmp' から出ます
Makefile:126: recipe for target 'cmTC_24483/fast' failed
make: *** [cmTC_24483/fast] Error 2


