Determining if the pthread_create exist failed with the following output:
Change Dir: /home/ikebe/turtlebot3_ws/build_isolated/turtlebot3_slam/CMakeFiles/CMakeTmp

Run Build Command:"/usr/bin/make" "cmTC_166b6/fast"
/usr/bin/make -f CMakeFiles/cmTC_166b6.dir/build.make CMakeFiles/cmTC_166b6.dir/build
make[1]: ディレクトリ '/home/ikebe/turtlebot3_ws/build_isolated/turtlebot3_slam/CMakeFiles/CMakeTmp' に入ります
Building C object CMakeFiles/cmTC_166b6.dir/CheckSymbolExists.c.o
/usr/bin/cc    -o CMakeFiles/cmTC_166b6.dir/CheckSymbolExists.c.o   -c /home/ikebe/turtlebot3_ws/build_isolated/turtlebot3_slam/CMakeFiles/CMakeTmp/CheckSymbolExists.c
Linking C executable cmTC_166b6
/usr/bin/cmake -E cmake_link_script CMakeFiles/cmTC_166b6.dir/link.txt --verbose=1
/usr/bin/cc      -rdynamic CMakeFiles/cmTC_166b6.dir/CheckSymbolExists.c.o  -o cmTC_166b6 
CMakeFiles/cmTC_166b6.dir/CheckSymbolExists.c.o: 関数 `main' 内:
CheckSymbolExists.c:(.text+0x1b): `pthread_create' に対する定義されていない参照です
collect2: error: ld returned 1 exit status
CMakeFiles/cmTC_166b6.dir/build.make:97: recipe for target 'cmTC_166b6' failed
make[1]: *** [cmTC_166b6] Error 1
make[1]: ディレクトリ '/home/ikebe/turtlebot3_ws/build_isolated/turtlebot3_slam/CMakeFiles/CMakeTmp' から出ます
Makefile:126: recipe for target 'cmTC_166b6/fast' failed
make: *** [cmTC_166b6/fast] Error 2

File /home/ikebe/turtlebot3_ws/build_isolated/turtlebot3_slam/CMakeFiles/CMakeTmp/CheckSymbolExists.c:
/* */
#include <pthread.h>

int main(int argc, char** argv)
{
  (void)argv;
#ifndef pthread_create
  return ((int*)(&pthread_create))[argc];
#else
  (void)argc;
  return 0;
#endif
}

Determining if the function pthread_create exists in the pthreads failed with the following output:
Change Dir: /home/ikebe/turtlebot3_ws/build_isolated/turtlebot3_slam/CMakeFiles/CMakeTmp

Run Build Command:"/usr/bin/make" "cmTC_5984f/fast"
/usr/bin/make -f CMakeFiles/cmTC_5984f.dir/build.make CMakeFiles/cmTC_5984f.dir/build
make[1]: ディレクトリ '/home/ikebe/turtlebot3_ws/build_isolated/turtlebot3_slam/CMakeFiles/CMakeTmp' に入ります
Building C object CMakeFiles/cmTC_5984f.dir/CheckFunctionExists.c.o
/usr/bin/cc   -DCHECK_FUNCTION_EXISTS=pthread_create   -o CMakeFiles/cmTC_5984f.dir/CheckFunctionExists.c.o   -c /usr/share/cmake-3.10/Modules/CheckFunctionExists.c
Linking C executable cmTC_5984f
/usr/bin/cmake -E cmake_link_script CMakeFiles/cmTC_5984f.dir/link.txt --verbose=1
/usr/bin/cc  -DCHECK_FUNCTION_EXISTS=pthread_create    -rdynamic CMakeFiles/cmTC_5984f.dir/CheckFunctionExists.c.o  -o cmTC_5984f -lpthreads 
/usr/bin/ld: -lpthreads が見つかりません
collect2: error: ld returned 1 exit status
CMakeFiles/cmTC_5984f.dir/build.make:97: recipe for target 'cmTC_5984f' failed
make[1]: *** [cmTC_5984f] Error 1
make[1]: ディレクトリ '/home/ikebe/turtlebot3_ws/build_isolated/turtlebot3_slam/CMakeFiles/CMakeTmp' から出ます
Makefile:126: recipe for target 'cmTC_5984f/fast' failed
make: *** [cmTC_5984f/fast] Error 2


